{"timestamp":"2026-07-08T10:00:51.224486Z","level":"info","event":"Filling up the DagBag from /opt/airflow/dags/second_dag_versioning.py","logger":"airflow.dag_processing.dagbag.BundleDagBag","filename":"dagbag.py","lineno":460}
{"timestamp":"2026-07-08T10:01:22.288507Z","level":"info","event":"Filling up the DagBag from /opt/airflow/dags/second_dag_versioning.py","logger":"airflow.dag_processing.dagbag.BundleDagBag","filename":"dagbag.py","lineno":460}
{"timestamp":"2026-07-08T10:01:52.658788Z","level":"info","event":"Filling up the DagBag from /opt/airflow/dags/second_dag_versioning.py","logger":"airflow.dag_processing.dagbag.BundleDagBag","filename":"dagbag.py","lineno":460}
{"timestamp":"2026-07-08T10:02:22.943670Z","level":"info","event":"Filling up the DagBag from /opt/airflow/dags/second_dag_versioning.py","logger":"airflow.dag_processing.dagbag.BundleDagBag","filename":"dagbag.py","lineno":460}
{"timestamp":"2026-07-08T10:02:53.308455Z","level":"info","event":"Filling up the DagBag from /opt/airflow/dags/second_dag_versioning.py","logger":"airflow.dag_processing.dagbag.BundleDagBag","filename":"dagbag.py","lineno":460}
{"timestamp":"2026-07-08T10:03:24.394552Z","level":"info","event":"Filling up the DagBag from /opt/airflow/dags/second_dag_versioning.py","logger":"airflow.dag_processing.dagbag.BundleDagBag","filename":"dagbag.py","lineno":460}
{"timestamp":"2026-07-08T10:03:55.434062Z","level":"info","event":"Filling up the DagBag from /opt/airflow/dags/second_dag_versioning.py","logger":"airflow.dag_processing.dagbag.BundleDagBag","filename":"dagbag.py","lineno":460}
{"timestamp":"2026-07-08T10:04:26.583934Z","level":"info","event":"Filling up the DagBag from /opt/airflow/dags/second_dag_versioning.py","logger":"airflow.dag_processing.dagbag.BundleDagBag","filename":"dagbag.py","lineno":460}
{"timestamp":"2026-07-08T10:04:57.597922Z","level":"info","event":"Filling up the DagBag from /opt/airflow/dags/second_dag_versioning.py","logger":"airflow.dag_processing.dagbag.BundleDagBag","filename":"dagbag.py","lineno":460}
{"timestamp":"2026-07-08T10:05:28.722300Z","level":"info","event":"Filling up the DagBag from /opt/airflow/dags/second_dag_versioning.py","logger":"airflow.dag_processing.dagbag.BundleDagBag","filename":"dagbag.py","lineno":460}
{"timestamp":"2026-07-08T10:05:59.195170Z","level":"info","event":"Filling up the DagBag from /opt/airflow/dags/second_dag_versioning.py","logger":"airflow.dag_processing.dagbag.BundleDagBag","filename":"dagbag.py","lineno":460}
{"timestamp":"2026-07-08T10:06:30.256920Z","level":"info","event":"Filling up the DagBag from /opt/airflow/dags/second_dag_versioning.py","logger":"airflow.dag_processing.dagbag.BundleDagBag","filename":"dagbag.py","lineno":460}
{"timestamp":"2026-07-08T10:07:01.209667Z","level":"info","event":"Filling up the DagBag from /opt/airflow/dags/second_dag_versioning.py","logger":"airflow.dag_processing.dagbag.BundleDagBag","filename":"dagbag.py","lineno":460}
{"timestamp":"2026-07-08T10:07:32.146224Z","level":"info","event":"Filling up the DagBag from /opt/airflow/dags/second_dag_versioning.py","logger":"airflow.dag_processing.dagbag.BundleDagBag","filename":"dagbag.py","lineno":460}
{"timestamp":"2026-07-08T10:08:03.165503Z","level":"info","event":"Filling up the DagBag from /opt/airflow/dags/second_dag_versioning.py","logger":"airflow.dag_processing.dagbag.BundleDagBag","filename":"dagbag.py","lineno":460}
{"timestamp":"2026-07-08T10:08:34.108230Z","level":"info","event":"Filling up the DagBag from /opt/airflow/dags/second_dag_versioning.py","logger":"airflow.dag_processing.dagbag.BundleDagBag","filename":"dagbag.py","lineno":460}
{"timestamp":"2026-07-08T10:09:05.071426Z","level":"info","event":"Filling up the DagBag from /opt/airflow/dags/second_dag_versioning.py","logger":"airflow.dag_processing.dagbag.BundleDagBag","filename":"dagbag.py","lineno":460}
{"timestamp":"2026-07-08T10:09:35.994740Z","level":"info","event":"Filling up the DagBag from /opt/airflow/dags/second_dag_versioning.py","logger":"airflow.dag_processing.dagbag.BundleDagBag","filename":"dagbag.py","lineno":460}
{"timestamp":"2026-07-08T10:10:07.070856Z","level":"info","event":"Filling up the DagBag from /opt/airflow/dags/second_dag_versioning.py","logger":"airflow.dag_processing.dagbag.BundleDagBag","filename":"dagbag.py","lineno":460}
{"timestamp":"2026-07-08T10:10:37.379114Z","level":"info","event":"Filling up the DagBag from /opt/airflow/dags/second_dag_versioning.py","logger":"airflow.dag_processing.dagbag.BundleDagBag","filename":"dagbag.py","lineno":460}
{"timestamp":"2026-07-08T10:11:07.614630Z","level":"info","event":"Filling up the DagBag from /opt/airflow/dags/second_dag_versioning.py","logger":"airflow.dag_processing.dagbag.BundleDagBag","filename":"dagbag.py","lineno":460}
{"timestamp":"2026-07-08T10:11:38.175600Z","level":"info","event":"Filling up the DagBag from /opt/airflow/dags/second_dag_versioning.py","logger":"airflow.dag_processing.dagbag.BundleDagBag","filename":"dagbag.py","lineno":460}
{"timestamp":"2026-07-08T10:12:09.356799Z","level":"info","event":"Filling up the DagBag from /opt/airflow/dags/second_dag_versioning.py","logger":"airflow.dag_processing.dagbag.BundleDagBag","filename":"dagbag.py","lineno":460}
{"timestamp":"2026-07-08T10:12:33.565742Z","level":"info","event":"Filling up the DagBag from /opt/airflow/dags/second_dag_versioning.py","logger":"airflow.dag_processing.dagbag.BundleDagBag","filename":"dagbag.py","lineno":460}
{"timestamp":"2026-07-08T10:12:34.898745Z","level":"info","event":"Filling up the DagBag from /opt/airflow/dags/second_dag_versioning.py","logger":"airflow.dag_processing.dagbag.BundleDagBag","filename":"dagbag.py","lineno":460}
{"timestamp":"2026-07-08T10:12:34.926801Z","level":"error","event":"Failed to import: /opt/airflow/dags/second_dag_versioning.py","logger":"airflow.dag_processing.importers.python_importer","filename":"python_importer.py","lineno":244,"error_detail":[{"exc_type":"SyntaxError","exc_value":"invalid syntax (second_dag_versioning.py, line 20)","exc_notes":[],"syntax_error":{"offset":5,"filename":"/opt/airflow/dags/second_dag_versioning.py","line":"    first = first_task()\n","lineno":20,"msg":"invalid syntax"},"is_cause":false,"frames":[{"filename":"/home/airflow/.local/lib/python3.13/site-packages/airflow/dag_processing/importers/python_importer.py","lineno":238,"name":"parse"},{"filename":"<frozen importlib._bootstrap_external>","lineno":1019,"name":"exec_module"},{"filename":"<frozen importlib._bootstrap_external>","lineno":1157,"name":"get_code"},{"filename":"<frozen importlib._bootstrap_external>","lineno":1087,"name":"source_to_code"},{"filename":"<frozen importlib._bootstrap>","lineno":488,"name":"_call_with_frames_removed"}],"is_group":false,"exceptions":[]}]}
{"timestamp":"2026-07-08T10:12:34.931178Z","level":"error","event":"Error loading DAG from second_dag_versioning.py: invalid syntax (second_dag_versioning.py, line 20)","logger":"airflow.dag_processing.dagbag.BundleDagBag","filename":"dagbag.py","lineno":319}
{"timestamp":"2026-07-08T10:12:38.150518Z","level":"info","event":"Filling up the DagBag from /opt/airflow/dags/second_dag_versioning.py","logger":"airflow.dag_processing.dagbag.BundleDagBag","filename":"dagbag.py","lineno":460}
{"timestamp":"2026-07-08T10:12:38.165956Z","level":"error","event":"Failed to import: /opt/airflow/dags/second_dag_versioning.py","logger":"airflow.dag_processing.importers.python_importer","filename":"python_importer.py","lineno":244,"error_detail":[{"exc_type":"SyntaxError","exc_value":"invalid syntax (second_dag_versioning.py, line 21)","exc_notes":[],"syntax_error":{"offset":5,"filename":"/opt/airflow/dags/second_dag_versioning.py","line":"    first = first_task()\n","lineno":21,"msg":"invalid syntax"},"is_cause":false,"frames":[{"filename":"/home/airflow/.local/lib/python3.13/site-packages/airflow/dag_processing/importers/python_importer.py","lineno":238,"name":"parse"},{"filename":"<frozen importlib._bootstrap_external>","lineno":1019,"name":"exec_module"},{"filename":"<frozen importlib._bootstrap_external>","lineno":1157,"name":"get_code"},{"filename":"<frozen importlib._bootstrap_external>","lineno":1087,"name":"source_to_code"},{"filename":"<frozen importlib._bootstrap>","lineno":488,"name":"_call_with_frames_removed"}],"is_group":false,"exceptions":[]}]}
{"timestamp":"2026-07-08T10:12:38.169748Z","level":"error","event":"Error loading DAG from second_dag_versioning.py: invalid syntax (second_dag_versioning.py, line 21)","logger":"airflow.dag_processing.dagbag.BundleDagBag","filename":"dagbag.py","lineno":319}
{"timestamp":"2026-07-08T10:12:42.357172Z","level":"info","event":"Filling up the DagBag from /opt/airflow/dags/second_dag_versioning.py","logger":"airflow.dag_processing.dagbag.BundleDagBag","filename":"dagbag.py","lineno":460}
{"timestamp":"2026-07-08T10:12:42.366196Z","level":"error","event":"Failed to import: /opt/airflow/dags/second_dag_versioning.py","logger":"airflow.dag_processing.importers.python_importer","filename":"python_importer.py","lineno":244,"error_detail":[{"exc_type":"SyntaxError","exc_value":"expected '(' (second_dag_versioning.py, line 19)","exc_notes":[],"syntax_error":{"offset":16,"filename":"/opt/airflow/dags/second_dag_versioning.py","line":"    def version\n","lineno":19,"msg":"expected '('"},"is_cause":false,"frames":[{"filename":"/home/airflow/.local/lib/python3.13/site-packages/airflow/dag_processing/importers/python_importer.py","lineno":238,"name":"parse"},{"filename":"<frozen importlib._bootstrap_external>","lineno":1019,"name":"exec_module"},{"filename":"<frozen importlib._bootstrap_external>","lineno":1157,"name":"get_code"},{"filename":"<frozen importlib._bootstrap_external>","lineno":1087,"name":"source_to_code"},{"filename":"<frozen importlib._bootstrap>","lineno":488,"name":"_call_with_frames_removed"}],"is_group":false,"exceptions":[]}]}
{"timestamp":"2026-07-08T10:12:42.369294Z","level":"error","event":"Error loading DAG from second_dag_versioning.py: expected '(' (second_dag_versioning.py, line 19)","logger":"airflow.dag_processing.dagbag.BundleDagBag","filename":"dagbag.py","lineno":319}
{"timestamp":"2026-07-08T10:12:46.003590Z","level":"info","event":"Filling up the DagBag from /opt/airflow/dags/second_dag_versioning.py","logger":"airflow.dag_processing.dagbag.BundleDagBag","filename":"dagbag.py","lineno":460}
{"timestamp":"2026-07-08T10:12:46.017897Z","level":"error","event":"Failed to import: /opt/airflow/dags/second_dag_versioning.py","logger":"airflow.dag_processing.importers.python_importer","filename":"python_importer.py","lineno":244,"error_detail":[{"exc_type":"SyntaxError","exc_value":"expected '(' (second_dag_versioning.py, line 19)","exc_notes":[],"syntax_error":{"offset":16,"filename":"/opt/airflow/dags/second_dag_versioning.py","line":"    def version\n","lineno":19,"msg":"expected '('"},"is_cause":false,"frames":[{"filename":"/home/airflow/.local/lib/python3.13/site-packages/airflow/dag_processing/importers/python_importer.py","lineno":238,"name":"parse"},{"filename":"<frozen importlib._bootstrap_external>","lineno":1019,"name":"exec_module"},{"filename":"<frozen importlib._bootstrap_external>","lineno":1157,"name":"get_code"},{"filename":"<frozen importlib._bootstrap_external>","lineno":1087,"name":"source_to_code"},{"filename":"<frozen importlib._bootstrap>","lineno":488,"name":"_call_with_frames_removed"}],"is_group":false,"exceptions":[]}]}
{"timestamp":"2026-07-08T10:12:46.022622Z","level":"error","event":"Error loading DAG from second_dag_versioning.py: expected '(' (second_dag_versioning.py, line 19)","logger":"airflow.dag_processing.dagbag.BundleDagBag","filename":"dagbag.py","lineno":319}
{"timestamp":"2026-07-08T10:12:51.379424Z","level":"info","event":"Filling up the DagBag from /opt/airflow/dags/second_dag_versioning.py","logger":"airflow.dag_processing.dagbag.BundleDagBag","filename":"dagbag.py","lineno":460}
{"timestamp":"2026-07-08T10:12:51.394743Z","level":"error","event":"Failed to import: /opt/airflow/dags/second_dag_versioning.py","logger":"airflow.dag_processing.importers.python_importer","filename":"python_importer.py","lineno":244,"error_detail":[{"exc_type":"SyntaxError","exc_value":"expected ':' (second_dag_versioning.py, line 19)","exc_notes":[],"syntax_error":{"offset":23,"filename":"/opt/airflow/dags/second_dag_versioning.py","line":"    def version_task()\n","lineno":19,"msg":"expected ':'"},"is_cause":false,"frames":[{"filename":"/home/airflow/.local/lib/python3.13/site-packages/airflow/dag_processing/importers/python_importer.py","lineno":238,"name":"parse"},{"filename":"<frozen importlib._bootstrap_external>","lineno":1019,"name":"exec_module"},{"filename":"<frozen importlib._bootstrap_external>","lineno":1157,"name":"get_code"},{"filename":"<frozen importlib._bootstrap_external>","lineno":1087,"name":"source_to_code"},{"filename":"<frozen importlib._bootstrap>","lineno":488,"name":"_call_with_frames_removed"}],"is_group":false,"exceptions":[]}]}
{"timestamp":"2026-07-08T10:12:51.400378Z","level":"error","event":"Error loading DAG from second_dag_versioning.py: expected ':' (second_dag_versioning.py, line 19)","logger":"airflow.dag_processing.dagbag.BundleDagBag","filename":"dagbag.py","lineno":319}
{"timestamp":"2026-07-08T10:12:53.701840Z","level":"info","event":"Filling up the DagBag from /opt/airflow/dags/second_dag_versioning.py","logger":"airflow.dag_processing.dagbag.BundleDagBag","filename":"dagbag.py","lineno":460}
{"timestamp":"2026-07-08T10:12:56.232081Z","level":"info","event":"Filling up the DagBag from /opt/airflow/dags/second_dag_versioning.py","logger":"airflow.dag_processing.dagbag.BundleDagBag","filename":"dagbag.py","lineno":460}
{"timestamp":"2026-07-08T10:13:00.630528Z","level":"info","event":"Filling up the DagBag from /opt/airflow/dags/second_dag_versioning.py","logger":"airflow.dag_processing.dagbag.BundleDagBag","filename":"dagbag.py","lineno":460}
{"timestamp":"2026-07-08T10:13:00.825289Z","level":"error","event":"Failed to import: /opt/airflow/dags/second_dag_versioning.py","logger":"airflow.dag_processing.importers.python_importer","filename":"python_importer.py","lineno":244,"error_detail":[{"exc_type":"NameError","exc_value":"name 'vers' is not defined","exc_notes":[],"syntax_error":null,"is_cause":false,"frames":[{"filename":"/home/airflow/.local/lib/python3.13/site-packages/airflow/dag_processing/importers/python_importer.py","lineno":238,"name":"parse"},{"filename":"<frozen importlib._bootstrap_external>","lineno":1023,"name":"exec_module"},{"filename":"<frozen importlib._bootstrap>","lineno":488,"name":"_call_with_frames_removed"},{"filename":"/opt/airflow/dags/second_dag_versioning.py","lineno":30,"name":"<module>"},{"filename":"/home/airflow/.local/lib/python3.13/site-packages/airflow/sdk/definitions/dag.py","lineno":1696,"name":"factory"},{"filename":"/opt/airflow/dags/second_dag_versioning.py","lineno":25,"name":"versioning_dag"}],"is_group":false,"exceptions":[]}]}
{"timestamp":"2026-07-08T10:13:00.843870Z","level":"error","event":"Error loading DAG from second_dag_versioning.py: name 'vers' is not defined","logger":"airflow.dag_processing.dagbag.BundleDagBag","filename":"dagbag.py","lineno":319}
{"timestamp":"2026-07-08T10:13:01.951401Z","level":"info","event":"Filling up the DagBag from /opt/airflow/dags/second_dag_versioning.py","logger":"airflow.dag_processing.dagbag.BundleDagBag","filename":"dagbag.py","lineno":460}
{"timestamp":"2026-07-08T10:13:03.252752Z","level":"info","event":"Filling up the DagBag from /opt/airflow/dags/second_dag_versioning.py","logger":"airflow.dag_processing.dagbag.BundleDagBag","filename":"dagbag.py","lineno":460}
{"timestamp":"2026-07-08T10:13:05.547890Z","level":"info","event":"Filling up the DagBag from /opt/airflow/dags/second_dag_versioning.py","logger":"airflow.dag_processing.dagbag.BundleDagBag","filename":"dagbag.py","lineno":460}
{"timestamp":"2026-07-08T10:13:05.878930Z","level":"info","event":"Filling up the DagBag from /opt/airflow/dags/second_dag_versioning.py","logger":"airflow.dag_processing.dagbag.BundleDagBag","filename":"dagbag.py","lineno":460}
{"timestamp":"2026-07-08T10:13:36.181675Z","level":"info","event":"Filling up the DagBag from /opt/airflow/dags/second_dag_versioning.py","logger":"airflow.dag_processing.dagbag.BundleDagBag","filename":"dagbag.py","lineno":460}
{"timestamp":"2026-07-08T10:14:06.469585Z","level":"info","event":"Filling up the DagBag from /opt/airflow/dags/second_dag_versioning.py","logger":"airflow.dag_processing.dagbag.BundleDagBag","filename":"dagbag.py","lineno":460}
{"timestamp":"2026-07-08T10:14:37.544479Z","level":"info","event":"Filling up the DagBag from /opt/airflow/dags/second_dag_versioning.py","logger":"airflow.dag_processing.dagbag.BundleDagBag","filename":"dagbag.py","lineno":460}
{"timestamp":"2026-07-08T10:15:07.763963Z","level":"info","event":"Filling up the DagBag from /opt/airflow/dags/second_dag_versioning.py","logger":"airflow.dag_processing.dagbag.BundleDagBag","filename":"dagbag.py","lineno":460}
{"timestamp":"2026-07-08T10:15:38.197764Z","level":"info","event":"Filling up the DagBag from /opt/airflow/dags/second_dag_versioning.py","logger":"airflow.dag_processing.dagbag.BundleDagBag","filename":"dagbag.py","lineno":460}
{"timestamp":"2026-07-08T10:16:08.598386Z","level":"info","event":"Filling up the DagBag from /opt/airflow/dags/second_dag_versioning.py","logger":"airflow.dag_processing.dagbag.BundleDagBag","filename":"dagbag.py","lineno":460}
{"timestamp":"2026-07-08T10:16:38.885226Z","level":"info","event":"Filling up the DagBag from /opt/airflow/dags/second_dag_versioning.py","logger":"airflow.dag_processing.dagbag.BundleDagBag","filename":"dagbag.py","lineno":460}
{"timestamp":"2026-07-08T10:17:09.218918Z","level":"info","event":"Filling up the DagBag from /opt/airflow/dags/second_dag_versioning.py","logger":"airflow.dag_processing.dagbag.BundleDagBag","filename":"dagbag.py","lineno":460}
{"timestamp":"2026-07-08T10:17:39.471774Z","level":"info","event":"Filling up the DagBag from /opt/airflow/dags/second_dag_versioning.py","logger":"airflow.dag_processing.dagbag.BundleDagBag","filename":"dagbag.py","lineno":460}
{"timestamp":"2026-07-08T10:18:09.774808Z","level":"info","event":"Filling up the DagBag from /opt/airflow/dags/second_dag_versioning.py","logger":"airflow.dag_processing.dagbag.BundleDagBag","filename":"dagbag.py","lineno":460}
{"timestamp":"2026-07-08T10:18:40.220637Z","level":"info","event":"Filling up the DagBag from /opt/airflow/dags/second_dag_versioning.py","logger":"airflow.dag_processing.dagbag.BundleDagBag","filename":"dagbag.py","lineno":460}
{"timestamp":"2026-07-08T10:19:10.531974Z","level":"info","event":"Filling up the DagBag from /opt/airflow/dags/second_dag_versioning.py","logger":"airflow.dag_processing.dagbag.BundleDagBag","filename":"dagbag.py","lineno":460}
{"timestamp":"2026-07-08T10:19:40.737250Z","level":"info","event":"Filling up the DagBag from /opt/airflow/dags/second_dag_versioning.py","logger":"airflow.dag_processing.dagbag.BundleDagBag","filename":"dagbag.py","lineno":460}
{"timestamp":"2026-07-08T10:20:10.954345Z","level":"info","event":"Filling up the DagBag from /opt/airflow/dags/second_dag_versioning.py","logger":"airflow.dag_processing.dagbag.BundleDagBag","filename":"dagbag.py","lineno":460}
{"timestamp":"2026-07-08T10:20:41.912886Z","level":"info","event":"Filling up the DagBag from /opt/airflow/dags/second_dag_versioning.py","logger":"airflow.dag_processing.dagbag.BundleDagBag","filename":"dagbag.py","lineno":460}
{"timestamp":"2026-07-08T10:21:12.958654Z","level":"info","event":"Filling up the DagBag from /opt/airflow/dags/second_dag_versioning.py","logger":"airflow.dag_processing.dagbag.BundleDagBag","filename":"dagbag.py","lineno":460}
{"timestamp":"2026-07-08T10:21:43.341453Z","level":"info","event":"Filling up the DagBag from /opt/airflow/dags/second_dag_versioning.py","logger":"airflow.dag_processing.dagbag.BundleDagBag","filename":"dagbag.py","lineno":460}
{"timestamp":"2026-07-08T10:22:13.827653Z","level":"info","event":"Filling up the DagBag from /opt/airflow/dags/second_dag_versioning.py","logger":"airflow.dag_processing.dagbag.BundleDagBag","filename":"dagbag.py","lineno":460}
{"timestamp":"2026-07-08T10:22:44.860248Z","level":"info","event":"Filling up the DagBag from /opt/airflow/dags/second_dag_versioning.py","logger":"airflow.dag_processing.dagbag.BundleDagBag","filename":"dagbag.py","lineno":460}
{"timestamp":"2026-07-08T10:23:15.291228Z","level":"info","event":"Filling up the DagBag from /opt/airflow/dags/second_dag_versioning.py","logger":"airflow.dag_processing.dagbag.BundleDagBag","filename":"dagbag.py","lineno":460}
{"timestamp":"2026-07-08T10:23:46.226736Z","level":"info","event":"Filling up the DagBag from /opt/airflow/dags/second_dag_versioning.py","logger":"airflow.dag_processing.dagbag.BundleDagBag","filename":"dagbag.py","lineno":460}
{"timestamp":"2026-07-08T10:24:17.209238Z","level":"info","event":"Filling up the DagBag from /opt/airflow/dags/second_dag_versioning.py","logger":"airflow.dag_processing.dagbag.BundleDagBag","filename":"dagbag.py","lineno":460}
{"timestamp":"2026-07-08T10:24:47.448487Z","level":"info","event":"Filling up the DagBag from /opt/airflow/dags/second_dag_versioning.py","logger":"airflow.dag_processing.dagbag.BundleDagBag","filename":"dagbag.py","lineno":460}
{"timestamp":"2026-07-08T10:25:17.772291Z","level":"info","event":"Filling up the DagBag from /opt/airflow/dags/second_dag_versioning.py","logger":"airflow.dag_processing.dagbag.BundleDagBag","filename":"dagbag.py","lineno":460}
{"timestamp":"2026-07-08T10:25:48.100033Z","level":"info","event":"Filling up the DagBag from /opt/airflow/dags/second_dag_versioning.py","logger":"airflow.dag_processing.dagbag.BundleDagBag","filename":"dagbag.py","lineno":460}
{"timestamp":"2026-07-08T10:26:18.545707Z","level":"info","event":"Filling up the DagBag from /opt/airflow/dags/second_dag_versioning.py","logger":"airflow.dag_processing.dagbag.BundleDagBag","filename":"dagbag.py","lineno":460}
{"timestamp":"2026-07-08T10:26:49.538052Z","level":"info","event":"Filling up the DagBag from /opt/airflow/dags/second_dag_versioning.py","logger":"airflow.dag_processing.dagbag.BundleDagBag","filename":"dagbag.py","lineno":460}
{"timestamp":"2026-07-08T10:27:20.338332Z","level":"info","event":"Filling up the DagBag from /opt/airflow/dags/second_dag_versioning.py","logger":"airflow.dag_processing.dagbag.BundleDagBag","filename":"dagbag.py","lineno":460}
{"timestamp":"2026-07-08T10:27:50.675284Z","level":"info","event":"Filling up the DagBag from /opt/airflow/dags/second_dag_versioning.py","logger":"airflow.dag_processing.dagbag.BundleDagBag","filename":"dagbag.py","lineno":460}
{"timestamp":"2026-07-08T10:28:21.362628Z","level":"info","event":"Filling up the DagBag from /opt/airflow/dags/second_dag_versioning.py","logger":"airflow.dag_processing.dagbag.BundleDagBag","filename":"dagbag.py","lineno":460}
{"timestamp":"2026-07-08T10:28:51.704538Z","level":"info","event":"Filling up the DagBag from /opt/airflow/dags/second_dag_versioning.py","logger":"airflow.dag_processing.dagbag.BundleDagBag","filename":"dagbag.py","lineno":460}
{"timestamp":"2026-07-08T10:29:22.083103Z","level":"info","event":"Filling up the DagBag from /opt/airflow/dags/second_dag_versioning.py","logger":"airflow.dag_processing.dagbag.BundleDagBag","filename":"dagbag.py","lineno":460}
{"timestamp":"2026-07-08T10:29:52.409367Z","level":"info","event":"Filling up the DagBag from /opt/airflow/dags/second_dag_versioning.py","logger":"airflow.dag_processing.dagbag.BundleDagBag","filename":"dagbag.py","lineno":460}
{"timestamp":"2026-07-08T10:30:22.818675Z","level":"info","event":"Filling up the DagBag from /opt/airflow/dags/second_dag_versioning.py","logger":"airflow.dag_processing.dagbag.BundleDagBag","filename":"dagbag.py","lineno":460}
{"timestamp":"2026-07-08T10:30:53.148063Z","level":"info","event":"Filling up the DagBag from /opt/airflow/dags/second_dag_versioning.py","logger":"airflow.dag_processing.dagbag.BundleDagBag","filename":"dagbag.py","lineno":460}
{"timestamp":"2026-07-08T10:31:23.510651Z","level":"info","event":"Filling up the DagBag from /opt/airflow/dags/second_dag_versioning.py","logger":"airflow.dag_processing.dagbag.BundleDagBag","filename":"dagbag.py","lineno":460}
{"timestamp":"2026-07-08T10:31:53.863981Z","level":"info","event":"Filling up the DagBag from /opt/airflow/dags/second_dag_versioning.py","logger":"airflow.dag_processing.dagbag.BundleDagBag","filename":"dagbag.py","lineno":460}
{"timestamp":"2026-07-08T10:32:24.170281Z","level":"info","event":"Filling up the DagBag from /opt/airflow/dags/second_dag_versioning.py","logger":"airflow.dag_processing.dagbag.BundleDagBag","filename":"dagbag.py","lineno":460}
{"timestamp":"2026-07-08T10:32:54.735963Z","level":"info","event":"Filling up the DagBag from /opt/airflow/dags/second_dag_versioning.py","logger":"airflow.dag_processing.dagbag.BundleDagBag","filename":"dagbag.py","lineno":460}
